Copyright 1986-2015 Xilinx, Inc. All Rights Reserved.
------------------------------------------------------------------------------------
| Tool Version : Vivado v.2015.3 (win64) Build 1368829 Mon Sep 28 20:06:43 MDT 2015
| Date         : Tue Nov 26 23:17:30 2019
| Host         : DESKTOP-93VAPGO running 64-bit major release  (build 9200)
| Command      : report_control_sets -verbose -file Basys3_control_sets_placed.rpt
| Design       : Basys3
| Device       : xc7a35t
------------------------------------------------------------------------------------

Control Set Information

Table of Contents
-----------------
1. Summary
2. Flip-Flop Distribution
3. Detailed Control Set Information

1. Summary
----------

+-------------------------------------------------------------------+-------+
|                               Status                              | Count |
+-------------------------------------------------------------------+-------+
| Number of unique control sets                                     |   265 |
| Minimum Number of register sites lost to control set restrictions |    24 |
+-------------------------------------------------------------------+-------+


2. Flip-Flop Distribution
-------------------------

+--------------+-----------------------+------------------------+-----------------+--------------+
| Clock Enable | Synchronous Set/Reset | Asynchronous Set/Reset | Total Registers | Total Slices |
+--------------+-----------------------+------------------------+-----------------+--------------+
| No           | No                    | No                     |              37 |           22 |
| No           | No                    | Yes                    |               0 |            0 |
| No           | Yes                   | No                     |              16 |            6 |
| Yes          | No                    | No                     |            2052 |         1469 |
| Yes          | No                    | Yes                    |               7 |            3 |
| Yes          | Yes                   | No                     |              16 |            4 |
+--------------+-----------------------+------------------------+-----------------+--------------+


3. Detailed Control Set Information
-----------------------------------

+------------------------------+----------------------------------------+----------------------------------+------------------+----------------+
|         Clock Signal         |              Enable Signal             |         Set/Reset Signal         | Slice Load Count | Bel Load Count |
+------------------------------+----------------------------------------+----------------------------------+------------------+----------------+
|  CLK_IBUF_BUFG               |                                        |                                  |                1 |              1 |
|  display_data_reg[3]_i_2_n_1 |                                        |                                  |                1 |              4 |
| ~CLK_IBUF_BUFG               | cnt                                    |                                  |                1 |              4 |
|  CLK_IBUF_BUFG               |                                        | mykey_vibration/cnt[12]_i_1_n_1  |                2 |              5 |
| ~key_en_BUFG                 | myCPU/myPC/PCWre                       | myCPU/myPC/Instr_Addr[7]_i_3_n_1 |                3 |              7 |
| ~key_en_BUFG                 | myCPU/myPC/dataMemory_reg[98][7][0]    |                                  |                6 |              8 |
| ~key_en_BUFG                 | myCPU/myPC/dataMemory_reg[99][7][0]    |                                  |                5 |              8 |
| ~key_en_BUFG                 | myCPU/myPC/dataMemory_reg[228][7]_0[0] |                                  |                4 |              8 |
| ~key_en_BUFG                 | myCPU/myPC/dataMemory_reg[229][7]_0[0] |                                  |                6 |              8 |
| ~key_en_BUFG                 | myCPU/myPC/dataMemory_reg[22][7][0]    |                                  |                7 |              8 |
| ~key_en_BUFG                 | myCPU/myPC/dataMemory_reg[230][7][0]   |                                  |                7 |              8 |
| ~key_en_BUFG                 | myCPU/myPC/dataMemory_reg[231][7]_0[0] |                                  |                5 |              8 |
| ~key_en_BUFG                 | myCPU/myPC/dataMemory_reg[232][7][0]   |                                  |                6 |              8 |
| ~key_en_BUFG                 | myCPU/myPC/dataMemory_reg[233][7][0]   |                                  |                3 |              8 |
| ~key_en_BUFG                 | myCPU/myPC/dataMemory_reg[234][7][0]   |                                  |                7 |              8 |
| ~key_en_BUFG                 | myCPU/myPC/dataMemory_reg[235][7]_0[0] |                                  |                5 |              8 |
| ~key_en_BUFG                 | myCPU/myPC/dataMemory_reg[236][7]_0[0] |                                  |                5 |              8 |
| ~key_en_BUFG                 | myCPU/myPC/dataMemory_reg[237][7][0]   |                                  |                6 |              8 |
| ~key_en_BUFG                 | myCPU/myPC/dataMemory_reg[238][7][0]   |                                  |                5 |              8 |
| ~key_en_BUFG                 | myCPU/myPC/dataMemory_reg[239][7][0]   |                                  |                6 |              8 |
| ~key_en_BUFG                 | myCPU/myPC/dataMemory_reg[23][7]_0[0]  |                                  |                5 |              8 |
| ~key_en_BUFG                 | myCPU/myPC/dataMemory_reg[240][7][0]   |                                  |                6 |              8 |
| ~key_en_BUFG                 | myCPU/myPC/dataMemory_reg[241][7][0]   |                                  |                5 |              8 |
| ~key_en_BUFG                 | myCPU/myPC/dataMemory_reg[242][7]_0[0] |                                  |                5 |              8 |
| ~key_en_BUFG                 | myCPU/myPC/dataMemory_reg[243][7][0]   |                                  |                6 |              8 |
| ~key_en_BUFG                 | myCPU/myPC/dataMemory_reg[244][7]_0[0] |                                  |                6 |              8 |
| ~key_en_BUFG                 | myCPU/myPC/dataMemory_reg[245][7]_1[0] |                                  |                7 |              8 |
| ~key_en_BUFG                 | myCPU/myPC/dataMemory_reg[246][7]_0[0] |                                  |                5 |              8 |
| ~key_en_BUFG                 | myCPU/myPC/dataMemory_reg[247][7][0]   |                                  |                4 |              8 |
| ~key_en_BUFG                 | myCPU/myPC/dataMemory_reg[248][7]_0[0] |                                  |                6 |              8 |
| ~key_en_BUFG                 | myCPU/myPC/dataMemory_reg[249][7]_0[0] |                                  |                5 |              8 |
| ~key_en_BUFG                 | myCPU/myPC/dataMemory_reg[24][7][0]    |                                  |                4 |              8 |
| ~key_en_BUFG                 | myCPU/myPC/dataMemory_reg[250][7]_0[0] |                                  |                5 |              8 |
| ~key_en_BUFG                 | myCPU/myPC/dataMemory_reg[251][7]_0[0] |                                  |                6 |              8 |
| ~key_en_BUFG                 | myCPU/myPC/dataMemory_reg[252][7]_0[0] |                                  |                4 |              8 |
| ~key_en_BUFG                 | myCPU/myPC/dataMemory_reg[253][7][0]   |                                  |                3 |              8 |
| ~key_en_BUFG                 | myCPU/myPC/dataMemory_reg[254][7]_0[0] |                                  |                7 |              8 |
| ~key_en_BUFG                 | myCPU/myPC/dataMemory_reg[25][7][0]    |                                  |                5 |              8 |
| ~key_en_BUFG                 | myCPU/myPC/dataMemory_reg[26][7][0]    |                                  |                6 |              8 |
| ~key_en_BUFG                 | myCPU/myPC/dataMemory_reg[27][7]_6[0]  |                                  |                7 |              8 |
| ~key_en_BUFG                 | myCPU/myPC/dataMemory_reg[28][7]_0[0]  |                                  |                6 |              8 |
| ~key_en_BUFG                 | myCPU/myPC/dataMemory_reg[29][7][0]    |                                  |                5 |              8 |
| ~key_en_BUFG                 | myCPU/myPC/dataMemory_reg[2][7]_0[0]   |                                  |                4 |              8 |
| ~key_en_BUFG                 | myCPU/myPC/dataMemory_reg[30][7]_0[0]  |                                  |                6 |              8 |
| ~key_en_BUFG                 | myCPU/myPC/dataMemory_reg[31][7][0]    |                                  |                4 |              8 |
| ~key_en_BUFG                 | myCPU/myPC/dataMemory_reg[32][7]_0[0]  |                                  |                6 |              8 |
| ~key_en_BUFG                 | myCPU/myPC/dataMemory_reg[33][7][0]    |                                  |                4 |              8 |
| ~key_en_BUFG                 | myCPU/myPC/dataMemory_reg[34][7]_0[0]  |                                  |                5 |              8 |
| ~key_en_BUFG                 | myCPU/myPC/dataMemory_reg[35][7][0]    |                                  |                5 |              8 |
| ~key_en_BUFG                 | myCPU/myPC/dataMemory_reg[36][7]_0[0]  |                                  |                8 |              8 |
| ~key_en_BUFG                 | myCPU/myPC/dataMemory_reg[37][7]_0[0]  |                                  |                7 |              8 |
| ~key_en_BUFG                 | myCPU/myPC/dataMemory_reg[38][7]_0[0]  |                                  |                6 |              8 |
| ~key_en_BUFG                 | myCPU/myPC/dataMemory_reg[39][7][0]    |                                  |                5 |              8 |
| ~key_en_BUFG                 | myCPU/myPC/dataMemory_reg[3][7]_0[0]   |                                  |                4 |              8 |
| ~key_en_BUFG                 | myCPU/myPC/dataMemory_reg[40][7][0]    |                                  |                5 |              8 |
| ~key_en_BUFG                 | myCPU/myPC/dataMemory_reg[41][7][0]    |                                  |                6 |              8 |
| ~key_en_BUFG                 | myCPU/myPC/dataMemory_reg[42][7][0]    |                                  |                7 |              8 |
| ~key_en_BUFG                 | myCPU/myPC/dataMemory_reg[43][7][0]    |                                  |                5 |              8 |
| ~key_en_BUFG                 | myCPU/myPC/dataMemory_reg[44][7][0]    |                                  |                7 |              8 |
| ~key_en_BUFG                 | myCPU/myPC/dataMemory_reg[45][7]_0[0]  |                                  |                6 |              8 |
| ~key_en_BUFG                 | myCPU/myPC/dataMemory_reg[46][7]_0[0]  |                                  |                8 |              8 |
| ~key_en_BUFG                 | myCPU/myPC/dataMemory_reg[47][7][0]    |                                  |                5 |              8 |
| ~key_en_BUFG                 | myCPU/myPC/dataMemory_reg[48][7]_0[0]  |                                  |                7 |              8 |
| ~key_en_BUFG                 | myCPU/myPC/dataMemory_reg[49][7][0]    |                                  |                6 |              8 |
| ~key_en_BUFG                 | myCPU/myPC/dataMemory_reg[4][7]_0[0]   |                                  |                5 |              8 |
| ~key_en_BUFG                 | myCPU/myPC/dataMemory_reg[50][7]_0[0]  |                                  |                7 |              8 |
| ~key_en_BUFG                 | myCPU/myPC/dataMemory_reg[51][7][0]    |                                  |                7 |              8 |
| ~key_en_BUFG                 | myCPU/myPC/dataMemory_reg[52][7][0]    |                                  |                5 |              8 |
| ~key_en_BUFG                 | myCPU/myPC/dataMemory_reg[53][7]_0[0]  |                                  |                6 |              8 |
| ~key_en_BUFG                 | myCPU/myPC/dataMemory_reg[54][7]_0[0]  |                                  |                7 |              8 |
| ~key_en_BUFG                 | myCPU/myPC/dataMemory_reg[55][7]_1[0]  |                                  |                7 |              8 |
| ~key_en_BUFG                 | myCPU/myPC/dataMemory_reg[56][7]_0[0]  |                                  |                7 |              8 |
| ~key_en_BUFG                 | myCPU/myPC/dataMemory_reg[57][7][0]    |                                  |                5 |              8 |
| ~key_en_BUFG                 | myCPU/myPC/dataMemory_reg[58][7]_0[0]  |                                  |                6 |              8 |
| ~key_en_BUFG                 | myCPU/myPC/dataMemory_reg[59][7]_0[0]  |                                  |                8 |              8 |
| ~key_en_BUFG                 | myCPU/myPC/dataMemory_reg[5][7][0]     |                                  |                3 |              8 |
| ~key_en_BUFG                 | myCPU/myPC/dataMemory_reg[60][7]_0[0]  |                                  |                7 |              8 |
| ~key_en_BUFG                 | myCPU/myPC/dataMemory_reg[61][7]_0[0]  |                                  |                8 |              8 |
| ~key_en_BUFG                 | myCPU/myPC/dataMemory_reg[62][7]_0[0]  |                                  |                6 |              8 |
| ~key_en_BUFG                 | myCPU/myPC/dataMemory_reg[63][7][0]    |                                  |                6 |              8 |
| ~key_en_BUFG                 | myCPU/myPC/dataMemory_reg[64][7][0]    |                                  |                6 |              8 |
| ~key_en_BUFG                 | myCPU/myPC/dataMemory_reg[65][7][0]    |                                  |                6 |              8 |
| ~key_en_BUFG                 | myCPU/myPC/dataMemory_reg[66][7]_0[0]  |                                  |                6 |              8 |
| ~key_en_BUFG                 | myCPU/myPC/dataMemory_reg[67][7]_0[0]  |                                  |                5 |              8 |
| ~key_en_BUFG                 | myCPU/myPC/dataMemory_reg[68][7]_0[0]  |                                  |                6 |              8 |
| ~key_en_BUFG                 | myCPU/myPC/dataMemory_reg[69][7]_0[0]  |                                  |                7 |              8 |
| ~key_en_BUFG                 | myCPU/myPC/dataMemory_reg[6][7][0]     |                                  |                5 |              8 |
| ~key_en_BUFG                 | myCPU/myPC/dataMemory_reg[70][7]_0[0]  |                                  |                8 |              8 |
| ~key_en_BUFG                 | myCPU/myPC/dataMemory_reg[71][7]_0[0]  |                                  |                5 |              8 |
| ~key_en_BUFG                 | myCPU/myPC/dataMemory_reg[72][7][0]    |                                  |                6 |              8 |
| ~key_en_BUFG                 | myCPU/myPC/dataMemory_reg[73][7][0]    |                                  |                7 |              8 |
| ~key_en_BUFG                 | myCPU/myPC/dataMemory_reg[74][7][0]    |                                  |                5 |              8 |
| ~key_en_BUFG                 | myCPU/myPC/dataMemory_reg[75][7][0]    |                                  |                7 |              8 |
| ~key_en_BUFG                 | myCPU/myPC/dataMemory_reg[76][7][0]    |                                  |                7 |              8 |
| ~key_en_BUFG                 | myCPU/myPC/dataMemory_reg[77][7]_0[0]  |                                  |                7 |              8 |
| ~key_en_BUFG                 | myCPU/myPC/dataMemory_reg[78][7][0]    |                                  |                6 |              8 |
| ~key_en_BUFG                 | myCPU/myPC/dataMemory_reg[9][7][0]     |                                  |                5 |              8 |
| ~key_en_BUFG                 | myCPU/myPC/E[0]                        |                                  |                5 |              8 |
| ~key_en_BUFG                 | myCPU/myPC/dataMemory_reg[0][7]_0[0]   |                                  |                6 |              8 |
| ~key_en_BUFG                 | myCPU/myPC/dataMemory_reg[100][7]_0[0] |                                  |                5 |              8 |
| ~key_en_BUFG                 | myCPU/myPC/dataMemory_reg[101][7]_0[0] |                                  |                7 |              8 |
| ~key_en_BUFG                 | myCPU/myPC/dataMemory_reg[102][7]_0[0] |                                  |                5 |              8 |
| ~key_en_BUFG                 | myCPU/myPC/dataMemory_reg[103][7][0]   |                                  |                6 |              8 |
| ~key_en_BUFG                 | myCPU/myPC/dataMemory_reg[104][7][0]   |                                  |                6 |              8 |
| ~key_en_BUFG                 | myCPU/myPC/dataMemory_reg[105][7][0]   |                                  |                7 |              8 |
| ~key_en_BUFG                 | myCPU/myPC/dataMemory_reg[106][7]_0[0] |                                  |                7 |              8 |
| ~key_en_BUFG                 | myCPU/myPC/dataMemory_reg[107][7][0]   |                                  |                7 |              8 |
| ~key_en_BUFG                 | myCPU/myPC/dataMemory_reg[108][7][0]   |                                  |                4 |              8 |
| ~key_en_BUFG                 | myCPU/myPC/dataMemory_reg[109][7][0]   |                                  |                6 |              8 |
| ~key_en_BUFG                 | myCPU/myPC/dataMemory_reg[10][7][0]    |                                  |                5 |              8 |
| ~key_en_BUFG                 | myCPU/myPC/dataMemory_reg[110][7]_0[0] |                                  |                5 |              8 |
| ~key_en_BUFG                 | myCPU/myPC/dataMemory_reg[111][7][0]   |                                  |                6 |              8 |
| ~key_en_BUFG                 | myCPU/myPC/dataMemory_reg[112][7]_0[0] |                                  |                6 |              8 |
| ~key_en_BUFG                 | myCPU/myPC/dataMemory_reg[113][7]_1[0] |                                  |                7 |              8 |
| ~key_en_BUFG                 | myCPU/myPC/dataMemory_reg[114][7][0]   |                                  |                6 |              8 |
| ~key_en_BUFG                 | myCPU/myPC/dataMemory_reg[115][7][0]   |                                  |                6 |              8 |
| ~key_en_BUFG                 | myCPU/myPC/dataMemory_reg[116][7][0]   |                                  |                6 |              8 |
| ~key_en_BUFG                 | myCPU/myPC/dataMemory_reg[117][7]_0[0] |                                  |                7 |              8 |
| ~key_en_BUFG                 | myCPU/myPC/dataMemory_reg[118][7][0]   |                                  |                7 |              8 |
| ~key_en_BUFG                 | myCPU/myPC/dataMemory_reg[119][7]_0[0] |                                  |                7 |              8 |
| ~key_en_BUFG                 | myCPU/myPC/dataMemory_reg[11][7][0]    |                                  |                5 |              8 |
| ~key_en_BUFG                 | myCPU/myPC/dataMemory_reg[120][7]_0[0] |                                  |                6 |              8 |
| ~key_en_BUFG                 | myCPU/myPC/dataMemory_reg[121][7]_0[0] |                                  |                6 |              8 |
| ~key_en_BUFG                 | myCPU/myPC/dataMemory_reg[122][7][0]   |                                  |                4 |              8 |
| ~key_en_BUFG                 | myCPU/myPC/dataMemory_reg[123][7]_0[0] |                                  |                5 |              8 |
| ~key_en_BUFG                 | myCPU/myPC/dataMemory_reg[124][7]_0[0] |                                  |                7 |              8 |
| ~key_en_BUFG                 | myCPU/myPC/dataMemory_reg[125][7][0]   |                                  |                5 |              8 |
| ~key_en_BUFG                 | myCPU/myPC/dataMemory_reg[126][7]_0[0] |                                  |                6 |              8 |
| ~key_en_BUFG                 | myCPU/myPC/dataMemory_reg[127][7]_1[0] |                                  |                5 |              8 |
| ~key_en_BUFG                 | myCPU/myPC/dataMemory_reg[128][7]_0[0] |                                  |                4 |              8 |
| ~key_en_BUFG                 | myCPU/myPC/dataMemory_reg[129][7][0]   |                                  |                7 |              8 |
| ~key_en_BUFG                 | myCPU/myPC/dataMemory_reg[12][7][0]    |                                  |                3 |              8 |
| ~key_en_BUFG                 | myCPU/myPC/dataMemory_reg[130][7]_0[0] |                                  |                7 |              8 |
| ~key_en_BUFG                 | myCPU/myPC/dataMemory_reg[131][7]_0[0] |                                  |                7 |              8 |
| ~key_en_BUFG                 | myCPU/myPC/dataMemory_reg[132][7]_0[0] |                                  |                6 |              8 |
| ~key_en_BUFG                 | myCPU/myPC/dataMemory_reg[133][7]_5[0] |                                  |                7 |              8 |
| ~key_en_BUFG                 | myCPU/myPC/dataMemory_reg[134][7]_0[0] |                                  |                7 |              8 |
| ~key_en_BUFG                 | myCPU/myPC/dataMemory_reg[135][7][0]   |                                  |                6 |              8 |
| ~key_en_BUFG                 | myCPU/myPC/dataMemory_reg[136][7]_0[0] |                                  |                4 |              8 |
| ~key_en_BUFG                 | myCPU/myPC/dataMemory_reg[137][7]_0[0] |                                  |                6 |              8 |
| ~key_en_BUFG                 | myCPU/myPC/dataMemory_reg[138][7]_3[0] |                                  |                4 |              8 |
| ~key_en_BUFG                 | myCPU/myPC/dataMemory_reg[139][7]_0[0] |                                  |                2 |              8 |
| ~key_en_BUFG                 | myCPU/myPC/dataMemory_reg[13][7]_0[0]  |                                  |                3 |              8 |
| ~key_en_BUFG                 | myCPU/myPC/dataMemory_reg[140][7][0]   |                                  |                6 |              8 |
| ~key_en_BUFG                 | myCPU/myPC/dataMemory_reg[141][7][0]   |                                  |                4 |              8 |
| ~key_en_BUFG                 | myCPU/myPC/dataMemory_reg[142][7][0]   |                                  |                7 |              8 |
| ~key_en_BUFG                 | myCPU/myPC/dataMemory_reg[143][7][0]   |                                  |                6 |              8 |
| ~key_en_BUFG                 | myCPU/myPC/dataMemory_reg[144][7][0]   |                                  |                5 |              8 |
| ~key_en_BUFG                 | myCPU/myPC/dataMemory_reg[145][7]_0[0] |                                  |                5 |              8 |
| ~key_en_BUFG                 | myCPU/myPC/dataMemory_reg[146][7]_1[0] |                                  |                4 |              8 |
| ~key_en_BUFG                 | myCPU/myPC/dataMemory_reg[147][7]_0[0] |                                  |                6 |              8 |
| ~key_en_BUFG                 | myCPU/myPC/dataMemory_reg[148][7][0]   |                                  |                8 |              8 |
| ~key_en_BUFG                 | myCPU/myPC/dataMemory_reg[149][7]_0[0] |                                  |                5 |              8 |
| ~key_en_BUFG                 | myCPU/myPC/dataMemory_reg[14][7]_0[0]  |                                  |                6 |              8 |
| ~key_en_BUFG                 | myCPU/myPC/dataMemory_reg[150][7]_0[0] |                                  |                7 |              8 |
| ~key_en_BUFG                 | myCPU/myPC/dataMemory_reg[151][7][0]   |                                  |                8 |              8 |
| ~key_en_BUFG                 | myCPU/myPC/dataMemory_reg[152][7]_0[0] |                                  |                6 |              8 |
| ~key_en_BUFG                 | myCPU/myPC/dataMemory_reg[153][7]_0[0] |                                  |                5 |              8 |
| ~key_en_BUFG                 | myCPU/myPC/dataMemory_reg[154][7]_0[0] |                                  |                7 |              8 |
| ~key_en_BUFG                 | myCPU/myPC/dataMemory_reg[155][7][0]   |                                  |                6 |              8 |
| ~key_en_BUFG                 | myCPU/myPC/dataMemory_reg[156][7][0]   |                                  |                6 |              8 |
| ~key_en_BUFG                 | myCPU/myPC/dataMemory_reg[157][7][0]   |                                  |                5 |              8 |
| ~key_en_BUFG                 | myCPU/myPC/dataMemory_reg[158][7][0]   |                                  |                6 |              8 |
| ~key_en_BUFG                 | myCPU/myPC/dataMemory_reg[159][7]_0[0] |                                  |                6 |              8 |
| ~key_en_BUFG                 | myCPU/myPC/dataMemory_reg[15][7][0]    |                                  |                6 |              8 |
| ~key_en_BUFG                 | myCPU/myPC/dataMemory_reg[160][7][0]   |                                  |                8 |              8 |
| ~key_en_BUFG                 | myCPU/myPC/dataMemory_reg[161][7]_0[0] |                                  |                6 |              8 |
| ~key_en_BUFG                 | myCPU/myPC/dataMemory_reg[162][7]_2[0] |                                  |                5 |              8 |
| ~key_en_BUFG                 | myCPU/myPC/dataMemory_reg[163][7]_2[0] |                                  |                6 |              8 |
| ~key_en_BUFG                 | myCPU/myPC/dataMemory_reg[164][7][0]   |                                  |                5 |              8 |
| ~key_en_BUFG                 | myCPU/myPC/dataMemory_reg[165][7]_0[0] |                                  |                7 |              8 |
| ~key_en_BUFG                 | myCPU/myPC/dataMemory_reg[166][7][0]   |                                  |                8 |              8 |
| ~key_en_BUFG                 | myCPU/myPC/dataMemory_reg[167][7]_0[0] |                                  |                6 |              8 |
| ~key_en_BUFG                 | myCPU/myPC/dataMemory_reg[168][7]_0[0] |                                  |                6 |              8 |
| ~key_en_BUFG                 | myCPU/myPC/dataMemory_reg[169][7]_0[0] |                                  |                7 |              8 |
| ~key_en_BUFG                 | myCPU/myPC/dataMemory_reg[16][7][0]    |                                  |                7 |              8 |
| ~key_en_BUFG                 | myCPU/myPC/dataMemory_reg[170][7][0]   |                                  |                3 |              8 |
| ~key_en_BUFG                 | myCPU/myPC/dataMemory_reg[171][7]_0[0] |                                  |                6 |              8 |
| ~key_en_BUFG                 | myCPU/myPC/dataMemory_reg[172][7]_0[0] |                                  |                5 |              8 |
| ~key_en_BUFG                 | myCPU/myPC/dataMemory_reg[173][7]_0[0] |                                  |                6 |              8 |
| ~key_en_BUFG                 | myCPU/myPC/dataMemory_reg[174][7]_0[0] |                                  |                5 |              8 |
| ~key_en_BUFG                 | myCPU/myPC/dataMemory_reg[175][7]_0[0] |                                  |                6 |              8 |
| ~key_en_BUFG                 | myCPU/myPC/dataMemory_reg[176][7]_0[0] |                                  |                6 |              8 |
| ~key_en_BUFG                 | myCPU/myPC/dataMemory_reg[177][7]_0[0] |                                  |                6 |              8 |
| ~key_en_BUFG                 | myCPU/myPC/dataMemory_reg[178][7]_0[0] |                                  |                6 |              8 |
| ~key_en_BUFG                 | myCPU/myPC/dataMemory_reg[179][7][0]   |                                  |                7 |              8 |
| ~key_en_BUFG                 | myCPU/myPC/dataMemory_reg[17][7]_0[0]  |                                  |                6 |              8 |
| ~key_en_BUFG                 | myCPU/myPC/dataMemory_reg[180][7][0]   |                                  |                6 |              8 |
| ~key_en_BUFG                 | myCPU/myPC/dataMemory_reg[181][7]_0[0] |                                  |                4 |              8 |
| ~key_en_BUFG                 | myCPU/myPC/dataMemory_reg[182][7][0]   |                                  |                5 |              8 |
| ~key_en_BUFG                 | myCPU/myPC/dataMemory_reg[183][7]_0[0] |                                  |                4 |              8 |
| ~key_en_BUFG                 | myCPU/myPC/dataMemory_reg[184][7]_0[0] |                                  |                6 |              8 |
| ~key_en_BUFG                 | myCPU/myPC/dataMemory_reg[185][7]_1[0] |                                  |                6 |              8 |
| ~key_en_BUFG                 | myCPU/myPC/dataMemory_reg[186][7]_1[0] |                                  |                6 |              8 |
| ~key_en_BUFG                 | myCPU/myPC/dataMemory_reg[187][7]_2[0] |                                  |                5 |              8 |
| ~key_en_BUFG                 | myCPU/myPC/dataMemory_reg[188][7]_0[0] |                                  |                6 |              8 |
| ~key_en_BUFG                 | myCPU/myPC/dataMemory_reg[189][7]_2[0] |                                  |                5 |              8 |
| ~key_en_BUFG                 | myCPU/myPC/dataMemory_reg[18][7]_0[0]  |                                  |                6 |              8 |
| ~key_en_BUFG                 | myCPU/myPC/dataMemory_reg[190][7]_0[0] |                                  |                5 |              8 |
| ~key_en_BUFG                 | myCPU/myPC/dataMemory_reg[191][7][0]   |                                  |                7 |              8 |
| ~key_en_BUFG                 | myCPU/myPC/dataMemory_reg[192][7]_0[0] |                                  |                7 |              8 |
| ~key_en_BUFG                 | myCPU/myPC/dataMemory_reg[193][7]_0[0] |                                  |                8 |              8 |
| ~key_en_BUFG                 | myCPU/myPC/dataMemory_reg[194][7]_0[0] |                                  |                8 |              8 |
| ~key_en_BUFG                 | myCPU/myPC/dataMemory_reg[195][7]_0[0] |                                  |                7 |              8 |
| ~key_en_BUFG                 | myCPU/myPC/dataMemory_reg[196][7]_0[0] |                                  |                6 |              8 |
| ~key_en_BUFG                 | myCPU/myPC/dataMemory_reg[197][7]_1[0] |                                  |                5 |              8 |
| ~key_en_BUFG                 | myCPU/myPC/dataMemory_reg[198][7]_0[0] |                                  |                5 |              8 |
| ~key_en_BUFG                 | myCPU/myPC/dataMemory_reg[199][7][0]   |                                  |                5 |              8 |
| ~key_en_BUFG                 | myCPU/myPC/dataMemory_reg[19][7]_0[0]  |                                  |                6 |              8 |
| ~key_en_BUFG                 | myCPU/myPC/dataMemory_reg[1][7][0]     |                                  |                8 |              8 |
| ~key_en_BUFG                 | myCPU/myPC/dataMemory_reg[200][7]_1[0] |                                  |                6 |              8 |
| ~key_en_BUFG                 | myCPU/myPC/dataMemory_reg[201][7]_0[0] |                                  |                5 |              8 |
| ~key_en_BUFG                 | myCPU/myPC/dataMemory_reg[202][7]_0[0] |                                  |                3 |              8 |
| ~key_en_BUFG                 | myCPU/myPC/dataMemory_reg[203][7][0]   |                                  |                3 |              8 |
| ~key_en_BUFG                 | myCPU/myPC/dataMemory_reg[204][7]_0[0] |                                  |                6 |              8 |
| ~key_en_BUFG                 | myCPU/myPC/dataMemory_reg[205][7]_0[0] |                                  |                6 |              8 |
| ~key_en_BUFG                 | myCPU/myPC/dataMemory_reg[206][7][0]   |                                  |                6 |              8 |
| ~key_en_BUFG                 | myCPU/myPC/dataMemory_reg[207][7][0]   |                                  |                6 |              8 |
| ~key_en_BUFG                 | myCPU/myPC/dataMemory_reg[208][7]_0[0] |                                  |                7 |              8 |
| ~key_en_BUFG                 | myCPU/myPC/dataMemory_reg[209][7]_0[0] |                                  |                7 |              8 |
| ~key_en_BUFG                 | myCPU/myPC/dataMemory_reg[20][7]_0[0]  |                                  |                5 |              8 |
| ~key_en_BUFG                 | myCPU/myPC/dataMemory_reg[210][7]_0[0] |                                  |                6 |              8 |
| ~key_en_BUFG                 | myCPU/myPC/dataMemory_reg[211][7]_0[0] |                                  |                5 |              8 |
| ~key_en_BUFG                 | myCPU/myPC/dataMemory_reg[212][7]_0[0] |                                  |                5 |              8 |
| ~key_en_BUFG                 | myCPU/myPC/dataMemory_reg[213][7][0]   |                                  |                5 |              8 |
| ~key_en_BUFG                 | myCPU/myPC/dataMemory_reg[214][7]_0[0] |                                  |                5 |              8 |
| ~key_en_BUFG                 | myCPU/myPC/dataMemory_reg[215][7]_0[0] |                                  |                6 |              8 |
| ~key_en_BUFG                 | myCPU/myPC/dataMemory_reg[216][7]_0[0] |                                  |                6 |              8 |
| ~key_en_BUFG                 | myCPU/myPC/dataMemory_reg[217][7]_1[0] |                                  |                4 |              8 |
| ~key_en_BUFG                 | myCPU/myPC/dataMemory_reg[218][7][0]   |                                  |                5 |              8 |
| ~key_en_BUFG                 | myCPU/myPC/dataMemory_reg[219][7][0]   |                                  |                6 |              8 |
| ~key_en_BUFG                 | myCPU/myPC/dataMemory_reg[21][7]_0[0]  |                                  |                4 |              8 |
| ~key_en_BUFG                 | myCPU/myPC/dataMemory_reg[220][7]_0[0] |                                  |                7 |              8 |
| ~key_en_BUFG                 | myCPU/myPC/dataMemory_reg[221][7][0]   |                                  |                6 |              8 |
| ~key_en_BUFG                 | myCPU/myPC/dataMemory_reg[222][7][0]   |                                  |                5 |              8 |
| ~key_en_BUFG                 | myCPU/myPC/dataMemory_reg[223][7]_0[0] |                                  |                5 |              8 |
| ~key_en_BUFG                 | myCPU/myPC/dataMemory_reg[224][7]_0[0] |                                  |                5 |              8 |
| ~key_en_BUFG                 | myCPU/myPC/dataMemory_reg[225][7][0]   |                                  |                5 |              8 |
| ~key_en_BUFG                 | myCPU/myPC/dataMemory_reg[226][7][0]   |                                  |                3 |              8 |
| ~key_en_BUFG                 | myCPU/myPC/dataMemory_reg[227][7][0]   |                                  |                3 |              8 |
| ~key_en_BUFG                 | myCPU/myPC/dataMemory_reg[79][7][0]    |                                  |                6 |              8 |
| ~key_en_BUFG                 | myCPU/myPC/dataMemory_reg[7][7][0]     |                                  |                7 |              8 |
| ~key_en_BUFG                 | myCPU/myPC/dataMemory_reg[80][7][0]    |                                  |                7 |              8 |
| ~key_en_BUFG                 | myCPU/myPC/dataMemory_reg[81][7][0]    |                                  |                4 |              8 |
| ~key_en_BUFG                 | myCPU/myPC/dataMemory_reg[82][7]_0[0]  |                                  |                5 |              8 |
| ~key_en_BUFG                 | myCPU/myPC/dataMemory_reg[83][7]_0[0]  |                                  |                5 |              8 |
| ~key_en_BUFG                 | myCPU/myPC/dataMemory_reg[84][7][0]    |                                  |                5 |              8 |
| ~key_en_BUFG                 | myCPU/myPC/dataMemory_reg[85][7][0]    |                                  |                6 |              8 |
| ~key_en_BUFG                 | myCPU/myPC/dataMemory_reg[86][7][0]    |                                  |                6 |              8 |
| ~key_en_BUFG                 | myCPU/myPC/dataMemory_reg[87][7]_0[0]  |                                  |                6 |              8 |
| ~key_en_BUFG                 | myCPU/myPC/dataMemory_reg[88][7]_0[0]  |                                  |                7 |              8 |
| ~key_en_BUFG                 | myCPU/myPC/dataMemory_reg[89][7]_4[0]  |                                  |                5 |              8 |
| ~key_en_BUFG                 | myCPU/myPC/dataMemory_reg[8][7]_0[0]   |                                  |                7 |              8 |
| ~key_en_BUFG                 | myCPU/myPC/dataMemory_reg[90][7]_0[0]  |                                  |                4 |              8 |
| ~key_en_BUFG                 | myCPU/myPC/dataMemory_reg[91][7][0]    |                                  |                5 |              8 |
| ~key_en_BUFG                 | myCPU/myPC/dataMemory_reg[92][7]_0[0]  |                                  |                6 |              8 |
| ~key_en_BUFG                 | myCPU/myPC/dataMemory_reg[93][7][0]    |                                  |                7 |              8 |
| ~key_en_BUFG                 | myCPU/myPC/dataMemory_reg[94][7]_0[0]  |                                  |                6 |              8 |
| ~key_en_BUFG                 | myCPU/myPC/dataMemory_reg[95][7]_0[0]  |                                  |                6 |              8 |
| ~key_en_BUFG                 | myCPU/myPC/dataMemory_reg[96][7][0]    |                                  |                7 |              8 |
| ~key_en_BUFG                 | myCPU/myPC/dataMemory_reg[97][7]_0[0]  |                                  |                4 |              8 |
|  CLK_IBUF_BUFG               |                                        | mykey_vibration/cnt[15]_i_1_n_1  |                4 |             11 |
| ~CLK_IBUF_BUFG               | Reset_IBUF                             | cnt                              |                4 |             16 |
|  n_0_9410_BUFG               |                                        |                                  |               20 |             32 |
| ~key_en_BUFG                 | myCPU/myPC/p_0_in                      |                                  |               12 |             96 |
+------------------------------+----------------------------------------+----------------------------------+------------------+----------------+


